<?xml version="1.0" encoding="UTF-8"?>
<!-- Generated by org.testng.reporters.JUnitReportReporter -->
<testsuite hostname="DESKTOP-99M7JDM" failures="0" tests="1" name="com.testcases.LoginTest" time="6.209" errors="0" timestamp="2023-11-02T01:03:28 PDT" skipped="0">
  <testcase classname="com.testcases.LoginTest" name="Verifylogin" time="6.209"/>
</testsuite> <!-- com.testcases.LoginTest -->
